Vivado Simulator 2020.1
Time resolution is 1 ps
x27:         x
x28:         x
x29:         x
---------------------------------
x27:         x
x28:         x
x29:         x
---------------------------------
x27:         x
x28:         x
x29:         x
---------------------------------
x27:         x
x28:         x
x29:         x
---------------------------------
x27:         x
x28:         x
x29:         x
---------------------------------
x27:        38
x28:         x
x29:         x
---------------------------------
x27:        38
x28:        54
x29:         x
---------------------------------
x27:        38
x28:        54
x29:        92
---------------------------------
x27:        38
x28:        54
x29:        92
---------------------------------
x27:        38
x28:        54
x29:        92
---------------------------------
x27:        38
x28:        54
x29:        92
---------------------------------
x27:        38
x28:        54
x29:        92
---------------------------------
x27:        38
x28:        54
x29:        92
---------------------------------
x27:        38
x28:        54
x29:        92
---------------------------------
x27:        38
x28:        54
x29:        92
---------------------------------
x27:        38
x28:        54
x29:        92
---------------------------------
x27:        38
x28:        54
x29:        92
---------------------------------
x27:        38
x28:        54
x29:        92
---------------------------------
x27:        38
x28:        54
x29:        92
---------------------------------
x27:        38
x28:        54
x29:        92
---------------------------------
x27:        38
x28:        54
x29:        92
---------------------------------
x27:        38
x28:        54
x29:        92
---------------------------------
x27:        38
x28:        54
x29:        92
---------------------------------
x27:        38
x28:        54
x29:        92
---------------------------------
x27:        38
x28:        54
x29:        92
---------------------------------
x27:        38
x28:        54
x29:        92
---------------------------------
x27:        38
x28:        54
x29:        92
---------------------------------
x27:        38
x28:        54
x29:        92
---------------------------------
x27:        38
x28:        54
x29:        92
---------------------------------
x27:        38
x28:        54
x29:        92
---------------------------------
x27:        38
x28:        54
x29:        92
---------------------------------
x27:        38
x28:        54
x29:        92
---------------------------------
x27:        38
x28:        54
x29:        92
---------------------------------
x27:        38
x28:        54
x29:        92
---------------------------------
x27:        38
x28:        54
x29:        92
---------------------------------
x27:        38
x28:        54
x29:        92
---------------------------------
x27:        38
x28:        54
x29:        92
---------------------------------
x27:        38
x28:        54
x29:        92
---------------------------------
x27:        38
x28:        54
x29:        92
---------------------------------
x27:        38
x28:        54
x29:        92
---------------------------------
x27:        38
x28:        54
x29:        92
---------------------------------
x27:        38
x28:        54
x29:        92
---------------------------------
x27:        38
x28:        54
x29:        92
---------------------------------
x27:        38
x28:        54
x29:        92
---------------------------------
x27:        38
x28:        54
x29:        92
---------------------------------
x27:        38
x28:        54
x29:        92
---------------------------------
x27:        38
x28:        54
x29:        92
---------------------------------
x27:        38
x28:        54
x29:        92
---------------------------------
x27:        38
x28:        54
x29:        92
---------------------------------
x27:        38
x28:        54
x29:        92
---------------------------------
x27:        38
x28:        54
x29:        92
---------------------------------
x27:        38
x28:        54
x29:        92
---------------------------------
x27:        38
x28:        54
x29:        92
---------------------------------
x27:        38
x28:        54
x29:        92
---------------------------------
x27:        38
x28:        54
x29:        92
---------------------------------
x27:        38
x28:        54
x29:        92
---------------------------------
