#-----------------------------------------------------------
# Vivado v2020.1 (64-bit)
# SW Build 2902540 on Wed May 27 19:54:49 MDT 2020
# IP Build 2902112 on Wed May 27 22:43:36 MDT 2020
# Start of session at: Fri Jun 23 12:21:39 2023
# Process ID: 19888
# Current directory: C:/Users/YiZhi_W/Desktop/dntd/myriscv/project_1
# Command line: vivado.exe -gui_launcher_event rodinguilauncherevent13504 C:\Users\YiZhi_W\Desktop\dntd\myriscv\project_1\project_1.xpr
# Log file: C:/Users/YiZhi_W/Desktop/dntd/myriscv/project_1/vivado.log
# Journal file: C:/Users/YiZhi_W/Desktop/dntd/myriscv/project_1\vivado.jou
#-----------------------------------------------------------
start_gui
open_project C:/Users/YiZhi_W/Desktop/dntd/myriscv/project_1/project_1.xpr
Scanning sources...
Finished scanning sources
WARNING: [filemgmt 56-3] Default IP Output Path : Could not find the directory 'C:/Users/YiZhi_W/Desktop/dntd/myriscv/project_1/project_1.srcs/sources_1'.
INFO: [IP_Flow 19-234] Refreshing IP repositories
INFO: [IP_Flow 19-1704] No user IP repositories specified
INFO: [IP_Flow 19-2313] Loaded Vivado IP repository 'F:/Vivado/Vivado/2020.1/data/ip'.
open_project: Time (s): cpu = 00:00:03 ; elapsed = 00:00:07 . Memory (MB): peak = 1133.062 ; gain = 72.434
file mkdir C:/Users/YiZhi_W/Desktop/dntd/myriscv/project_1/project_1.srcs/sources_1/new
close [ open C:/Users/YiZhi_W/Desktop/dntd/myriscv/project_1/project_1.srcs/sources_1/new/pc_reg.v w ]
add_files C:/Users/YiZhi_W/Desktop/dntd/myriscv/project_1/project_1.srcs/sources_1/new/pc_reg.v
update_compile_order -fileset sources_1
exit
INFO: [Common 17-206] Exiting Vivado at Fri Jun 23 15:38:22 2023...
