#-----------------------------------------------------------
# Vivado v2020.1 (64-bit)
# SW Build 2902540 on Wed May 27 19:54:49 MDT 2020
# IP Build 2902112 on Wed May 27 22:43:36 MDT 2020
# Start of session at: Sun Jul  9 08:06:14 2023
# Process ID: 6572
# Current directory: C:/Users/YiZhi_W/Desktop/dntd/myriscv/project_1
# Command line: vivado.exe -gui_launcher_event rodinguilauncherevent15828 C:\Users\YiZhi_W\Desktop\dntd\myriscv\project_1\project_1.xpr
# Log file: C:/Users/YiZhi_W/Desktop/dntd/myriscv/project_1/vivado.log
# Journal file: C:/Users/YiZhi_W/Desktop/dntd/myriscv/project_1\vivado.jou
#-----------------------------------------------------------
start_gui
open_project C:/Users/YiZhi_W/Desktop/dntd/myriscv/project_1/project_1.xpr
Scanning sources...
Finished scanning sources
INFO: [IP_Flow 19-234] Refreshing IP repositories
INFO: [IP_Flow 19-1704] No user IP repositories specified
INFO: [IP_Flow 19-2313] Loaded Vivado IP repository 'F:/Vivado/Vivado/2020.1/data/ip'.
open_project: Time (s): cpu = 00:00:03 ; elapsed = 00:00:10 . Memory (MB): peak = 1061.121 ; gain = 0.000
update_compile_order -fileset sources_1
set_property SOURCE_SET sources_1 [get_filesets sim_1]
close [ open C:/Users/YiZhi_W/Desktop/dntd/myriscv/project_1/project_1.srcs/sim_1/new/inst_test.mem w ]
add_files -fileset sim_1 C:/Users/YiZhi_W/Desktop/dntd/myriscv/project_1/project_1.srcs/sim_1/new/inst_test.mem
