#-----------------------------------------------------------
# Vivado v2020.1 (64-bit)
# SW Build 2902540 on Wed May 27 19:54:49 MDT 2020
# IP Build 2902112 on Wed May 27 22:43:36 MDT 2020
# Start of session at: Thu Jun 29 12:21:04 2023
# Process ID: 8420
# Current directory: C:/Users/YiZhi_W/Desktop/dntd/myriscv/project_1
# Command line: vivado.exe -gui_launcher_event rodinguilauncherevent4512 C:\Users\YiZhi_W\Desktop\dntd\myriscv\project_1\project_1.xpr
# Log file: C:/Users/YiZhi_W/Desktop/dntd/myriscv/project_1/vivado.log
# Journal file: C:/Users/YiZhi_W/Desktop/dntd/myriscv/project_1\vivado.jou
#-----------------------------------------------------------
start_gui
open_project C:/Users/YiZhi_W/Desktop/dntd/myriscv/project_1/project_1.xpr
Scanning sources...
Finished scanning sources
INFO: [IP_Flow 19-234] Refreshing IP repositories
INFO: [IP_Flow 19-1704] No user IP repositories specified
INFO: [IP_Flow 19-2313] Loaded Vivado IP repository 'F:/Vivado/Vivado/2020.1/data/ip'.
open_project: Time (s): cpu = 00:00:03 ; elapsed = 00:00:10 . Memory (MB): peak = 1061.324 ; gain = 0.000
update_compile_order -fileset sources_1
close [ open C:/Users/YiZhi_W/Desktop/dntd/myriscv/project_1/project_1.srcs/sources_1/new/dff_set.v w ]
add_files C:/Users/YiZhi_W/Desktop/dntd/myriscv/project_1/project_1.srcs/sources_1/new/dff_set.v
update_compile_order -fileset sources_1
exit
INFO: [Common 17-206] Exiting Vivado at Thu Jun 29 20:38:58 2023...
